
=== üß† Deployment Setup ===
Enter GitHub Repo URL: Enter GitHub Personal Access Token: Enter Branch name (default: main): Enter SSH Username: Enter Server IP Address: Enter SSH Key Path: Enter Application Internal Port (container port, e.g., 80): [INFO] Preparing remote directory...
Pseudo-terminal will not be allocated because stdin is not a terminal.
Warning: Permanently added '54.160.165.78' (ED25519) to the list of known hosts.
Welcome to Ubuntu 24.04.3 LTS (GNU/Linux 6.14.0-1011-aws x86_64)

 * Documentation:  https://help.ubuntu.com
 * Management:     https://landscape.canonical.com
 * Support:        https://ubuntu.com/pro

 System information as of Wed Oct 22 13:36:33 UTC 2025

  System load:  0.05              Processes:             112
  Usage of /:   25.6% of 6.71GB   Users logged in:       0
  Memory usage: 21%               IPv4 address for enX0: 172.31.31.67
  Swap usage:   0%

Expanded Security Maintenance for Applications is not enabled.

0 updates can be applied immediately.

Enable ESM Apps to receive additional future security updates.
See https://ubuntu.com/esm or run: sudo pro status


The list of available updates is more than a week old.
To check for new updates run: sudo apt update


The programs included with the Ubuntu system are free software;
the exact distribution terms for each program are described in the
individual files in /usr/share/doc/*/copyright.

Ubuntu comes with ABSOLUTELY NO WARRANTY, to the extent permitted by
applicable law.

[SUCCESS] Remote directory ready.
[INFO] Cloning repository on remote server...
Pseudo-terminal will not be allocated because stdin is not a terminal.
Welcome to Ubuntu 24.04.3 LTS (GNU/Linux 6.14.0-1011-aws x86_64)

 * Documentation:  https://help.ubuntu.com
 * Management:     https://landscape.canonical.com
 * Support:        https://ubuntu.com/pro

 System information as of Wed Oct 22 13:36:33 UTC 2025

  System load:  0.05              Processes:             112
  Usage of /:   25.6% of 6.71GB   Users logged in:       0
  Memory usage: 21%               IPv4 address for enX0: 172.31.31.67
  Swap usage:   0%


Expanded Security Maintenance for Applications is not enabled.

0 updates can be applied immediately.

Enable ESM Apps to receive additional future security updates.
See https://ubuntu.com/esm or run: sudo pro status


The list of available updates is more than a week old.
To check for new updates run: sudo apt update

Cloning into '.'...
[SUCCESS] Repository cloned/updated.
[INFO] Installing Docker & Docker Compose...
Pseudo-terminal will not be allocated because stdin is not a terminal.
Welcome to Ubuntu 24.04.3 LTS (GNU/Linux 6.14.0-1011-aws x86_64)

 * Documentation:  https://help.ubuntu.com
 * Management:     https://landscape.canonical.com
 * Support:        https://ubuntu.com/pro

 System information as of Wed Oct 22 13:36:33 UTC 2025

  System load:  0.05              Processes:             112
  Usage of /:   25.6% of 6.71GB   Users logged in:       0
  Memory usage: 21%               IPv4 address for enX0: 172.31.31.67
  Swap usage:   0%


Expanded Security Maintenance for Applications is not enabled.

0 updates can be applied immediately.

Enable ESM Apps to receive additional future security updates.
See https://ubuntu.com/esm or run: sudo pro status


The list of available updates is more than a week old.
To check for new updates run: sudo apt update


WARNING: apt does not have a stable CLI interface. Use with caution in scripts.

Hit:1 http://us-east-1.ec2.archive.ubuntu.com/ubuntu noble InRelease
Get:2 http://us-east-1.ec2.archive.ubuntu.com/ubuntu noble-updates InRelease [126 kB]
Get:3 http://us-east-1.ec2.archive.ubuntu.com/ubuntu noble-backports InRelease [126 kB]
Get:4 http://security.ubuntu.com/ubuntu noble-security InRelease [126 kB]
Get:5 http://us-east-1.ec2.archive.ubuntu.com/ubuntu noble/universe amd64 Packages [15.0 MB]
Get:6 http://us-east-1.ec2.archive.ubuntu.com/ubuntu noble/universe Translation-en [5982 kB]
Get:7 http://security.ubuntu.com/ubuntu noble-security/main amd64 Packages [1249 kB]
Get:8 http://us-east-1.ec2.archive.ubuntu.com/ubuntu noble/universe amd64 Components [3871 kB]
Get:9 http://security.ubuntu.com/ubuntu noble-security/main Translation-en [207 kB]
Get:10 http://security.ubuntu.com/ubuntu noble-security/main amd64 Components [21.6 kB]
Get:11 http://security.ubuntu.com/ubuntu noble-security/main amd64 c-n-f Metadata [8972 B]
Get:12 http://security.ubuntu.com/ubuntu noble-security/universe amd64 Packages [904 kB]
Get:13 http://us-east-1.ec2.archive.ubuntu.com/ubuntu noble/universe amd64 c-n-f Metadata [301 kB]
Get:14 http://us-east-1.ec2.archive.ubuntu.com/ubuntu noble/multiverse amd64 Packages [269 kB]
Get:15 http://us-east-1.ec2.archive.ubuntu.com/ubuntu noble/multiverse Translation-en [118 kB]
Get:16 http://us-east-1.ec2.archive.ubuntu.com/ubuntu noble/multiverse amd64 Components [35.0 kB]
Get:17 http://us-east-1.ec2.archive.ubuntu.com/ubuntu noble/multiverse amd64 c-n-f Metadata [8328 B]
Get:18 http://us-east-1.ec2.archive.ubuntu.com/ubuntu noble-updates/main amd64 Packages [1535 kB]
Get:19 http://security.ubuntu.com/ubuntu noble-security/universe Translation-en [202 kB]
Get:20 http://security.ubuntu.com/ubuntu noble-security/universe amd64 Components [52.2 kB]
Get:21 http://security.ubuntu.com/ubuntu noble-security/universe amd64 c-n-f Metadata [19.3 kB]
Get:22 http://security.ubuntu.com/ubuntu noble-security/restricted amd64 Packages [2041 kB]
Get:23 http://us-east-1.ec2.archive.ubuntu.com/ubuntu noble-updates/main Translation-en [292 kB]
Get:24 http://us-east-1.ec2.archive.ubuntu.com/ubuntu noble-updates/main amd64 Components [175 kB]
Get:25 http://us-east-1.ec2.archive.ubuntu.com/ubuntu noble-updates/main amd64 c-n-f Metadata [15.3 kB]
Get:26 http://us-east-1.ec2.archive.ubuntu.com/ubuntu noble-updates/universe amd64 Packages [1496 kB]
Get:27 http://us-east-1.ec2.archive.ubuntu.com/ubuntu noble-updates/universe Translation-en [301 kB]
Get:28 http://us-east-1.ec2.archive.ubuntu.com/ubuntu noble-updates/universe amd64 Components [377 kB]
Get:29 http://us-east-1.ec2.archive.ubuntu.com/ubuntu noble-updates/universe amd64 c-n-f Metadata [31.3 kB]
Get:30 http://us-east-1.ec2.archive.ubuntu.com/ubuntu noble-updates/restricted amd64 Packages [2164 kB]
Get:31 http://security.ubuntu.com/ubuntu noble-security/restricted Translation-en [462 kB]
Get:32 http://security.ubuntu.com/ubuntu noble-security/restricted amd64 Components [208 B]
Get:33 http://security.ubuntu.com/ubuntu noble-security/restricted amd64 c-n-f Metadata [500 B]
Get:34 http://security.ubuntu.com/ubuntu noble-security/multiverse amd64 Packages [27.4 kB]
Get:35 http://security.ubuntu.com/ubuntu noble-security/multiverse Translation-en [5708 B]
Get:36 http://security.ubuntu.com/ubuntu noble-security/multiverse amd64 Components [208 B]
Get:37 http://security.ubuntu.com/ubuntu noble-security/multiverse amd64 c-n-f Metadata [384 B]
Get:38 http://us-east-1.ec2.archive.ubuntu.com/ubuntu noble-updates/restricted Translation-en [488 kB]
Get:39 http://us-east-1.ec2.archive.ubuntu.com/ubuntu noble-updates/restricted amd64 Components [212 B]
Get:40 http://us-east-1.ec2.archive.ubuntu.com/ubuntu noble-updates/restricted amd64 c-n-f Metadata [516 B]
Get:41 http://us-east-1.ec2.archive.ubuntu.com/ubuntu noble-updates/multiverse amd64 Packages [30.3 kB]
Get:42 http://us-east-1.ec2.archive.ubuntu.com/ubuntu noble-updates/multiverse Translation-en [5564 B]
Get:43 http://us-east-1.ec2.archive.ubuntu.com/ubuntu noble-updates/multiverse amd64 Components [940 B]
Get:44 http://us-east-1.ec2.archive.ubuntu.com/ubuntu noble-updates/multiverse amd64 c-n-f Metadata [484 B]
Get:45 http://us-east-1.ec2.archive.ubuntu.com/ubuntu noble-backports/main amd64 Packages [40.4 kB]
Get:46 http://us-east-1.ec2.archive.ubuntu.com/ubuntu noble-backports/main Translation-en [9208 B]
Get:47 http://us-east-1.ec2.archive.ubuntu.com/ubuntu noble-backports/main amd64 Components [7124 B]
Get:48 http://us-east-1.ec2.archive.ubuntu.com/ubuntu noble-backports/main amd64 c-n-f Metadata [368 B]
Get:49 http://us-east-1.ec2.archive.ubuntu.com/ubuntu noble-backports/universe amd64 Packages [28.9 kB]
Get:50 http://us-east-1.ec2.archive.ubuntu.com/ubuntu noble-backports/universe Translation-en [17.5 kB]
Get:51 http://us-east-1.ec2.archive.ubuntu.com/ubuntu noble-backports/universe amd64 Components [11.0 kB]
Get:52 http://us-east-1.ec2.archive.ubuntu.com/ubuntu noble-backports/universe amd64 c-n-f Metadata [1444 B]
Get:53 http://us-east-1.ec2.archive.ubuntu.com/ubuntu noble-backports/restricted amd64 Components [212 B]
Get:54 http://us-east-1.ec2.archive.ubuntu.com/ubuntu noble-backports/restricted amd64 c-n-f Metadata [116 B]
Get:55 http://us-east-1.ec2.archive.ubuntu.com/ubuntu noble-backports/multiverse amd64 Components [212 B]
Get:56 http://us-east-1.ec2.archive.ubuntu.com/ubuntu noble-backports/multiverse amd64 c-n-f Metadata [116 B]
Fetched 38.2 MB in 7s (5400 kB/s)
Reading package lists...
Building dependency tree...
Reading state information...
55 packages can be upgraded. Run 'apt list --upgradable' to see them.

WARNING: apt does not have a stable CLI interface. Use with caution in scripts.Reading package lists...
Building dependency tree...


Reading state information...
The following additional packages will be installed:
  bridge-utils containerd dns-root-data dnsmasq-base pigz python3-compose
  python3-docker python3-dockerpty python3-docopt python3-dotenv
  python3-texttable python3-websocket runc ubuntu-fan
Suggested packages:
  ifupdown aufs-tools cgroupfs-mount | cgroup-lite debootstrap docker-buildx
  docker-compose-v2 docker-doc rinse zfs-fuse | zfsutils
The following NEW packages will be installed:
  bridge-utils containerd dns-root-data dnsmasq-base docker-compose docker.io
  pigz python3-compose python3-docker python3-dockerpty python3-docopt
  python3-dotenv python3-texttable python3-websocket runc ubuntu-fan
0 upgraded, 16 newly installed, 0 to remove and 55 not upgraded.
Need to get 76.2 MB of archives.
After this operation, 290 MB of additional disk space will be used.
Get:1 http://us-east-1.ec2.archive.ubuntu.com/ubuntu noble/universe amd64 pigz amd64 2.8-1 [65.6 kB]
Get:2 http://us-east-1.ec2.archive.ubuntu.com/ubuntu noble/main amd64 bridge-utils amd64 1.7.1-1ubuntu2 [33.9 kB]
Get:3 http://us-east-1.ec2.archive.ubuntu.com/ubuntu noble-updates/main amd64 runc amd64 1.3.0-0ubuntu2~24.04.1 [8743 kB]
Get:4 http://us-east-1.ec2.archive.ubuntu.com/ubuntu noble-updates/main amd64 containerd amd64 1.7.28-0ubuntu1~24.04.1 [38.4 MB]
Get:5 http://us-east-1.ec2.archive.ubuntu.com/ubuntu noble-updates/main amd64 dns-root-data all 2024071801~ubuntu0.24.04.1 [5918 B]
Get:6 http://us-east-1.ec2.archive.ubuntu.com/ubuntu noble-updates/main amd64 dnsmasq-base amd64 2.90-2ubuntu0.1 [376 kB]
Get:7 http://us-east-1.ec2.archive.ubuntu.com/ubuntu noble/universe amd64 python3-websocket all 1.7.0-1 [38.1 kB]
Get:8 http://us-east-1.ec2.archive.ubuntu.com/ubuntu noble-updates/universe amd64 python3-docker all 5.0.3-1ubuntu1.1 [89.1 kB]
Get:9 http://us-east-1.ec2.archive.ubuntu.com/ubuntu noble/universe amd64 python3-dockerpty all 0.4.1-5 [11.4 kB]
Get:10 http://us-east-1.ec2.archive.ubuntu.com/ubuntu noble/universe amd64 python3-docopt all 0.6.2-6 [26.1 kB]
Get:11 http://us-east-1.ec2.archive.ubuntu.com/ubuntu noble/universe amd64 python3-dotenv all 1.0.1-1 [22.3 kB]
Get:12 http://us-east-1.ec2.archive.ubuntu.com/ubuntu noble/universe amd64 python3-texttable all 1.6.7-1 [11.0 kB]
Get:13 http://us-east-1.ec2.archive.ubuntu.com/ubuntu noble/universe amd64 python3-compose all 1.29.2-6ubuntu1 [84.6 kB]
Get:14 http://us-east-1.ec2.archive.ubuntu.com/ubuntu noble/universe amd64 docker-compose all 1.29.2-6ubuntu1 [14.0 kB]
Get:15 http://us-east-1.ec2.archive.ubuntu.com/ubuntu noble-updates/universe amd64 docker.io amd64 28.2.2-0ubuntu1~24.04.1 [28.3 MB]
Get:16 http://us-east-1.ec2.archive.ubuntu.com/ubuntu noble-updates/universe amd64 ubuntu-fan all 0.12.16+24.04.1 [34.2 kB]
debconf: unable to initialize frontend: Dialog
debconf: (Dialog frontend will not work on a dumb terminal, an emacs shell buffer, or without a controlling terminal.)
debconf: falling back to frontend: Readline
debconf: unable to initialize frontend: Readline
debconf: (This frontend requires a controlling tty.)
debconf: falling back to frontend: Teletype
dpkg-preconfigure: unable to re-open stdin: 
Fetched 76.2 MB in 1s (81.7 MB/s)
Selecting previously unselected package pigz.
(Reading database ... (Reading database ... 5%(Reading database ... 10%(Reading database ... 15%(Reading database ... 20%(Reading database ... 25%(Reading database ... 30%(Reading database ... 35%(Reading database ... 40%(Reading database ... 45%(Reading database ... 50%(Reading database ... 55%(Reading database ... 60%(Reading database ... 65%(Reading database ... 70%(Reading database ... 75%(Reading database ... 80%(Reading database ... 85%(Reading database ... 90%(Reading database ... 95%(Reading database ... 100%(Reading database ... 71718 files and directories currently installed.)
Preparing to unpack .../00-pigz_2.8-1_amd64.deb ...
Unpacking pigz (2.8-1) ...
Selecting previously unselected package bridge-utils.
Preparing to unpack .../01-bridge-utils_1.7.1-1ubuntu2_amd64.deb ...
Unpacking bridge-utils (1.7.1-1ubuntu2) ...
Selecting previously unselected package runc.
Preparing to unpack .../02-runc_1.3.0-0ubuntu2~24.04.1_amd64.deb ...
Unpacking runc (1.3.0-0ubuntu2~24.04.1) ...
Selecting previously unselected package containerd.
Preparing to unpack .../03-containerd_1.7.28-0ubuntu1~24.04.1_amd64.deb ...
Unpacking containerd (1.7.28-0ubuntu1~24.04.1) ...
Selecting previously unselected package dns-root-data.
Preparing to unpack .../04-dns-root-data_2024071801~ubuntu0.24.04.1_all.deb ...
Unpacking dns-root-data (2024071801~ubuntu0.24.04.1) ...
Selecting previously unselected package dnsmasq-base.
Preparing to unpack .../05-dnsmasq-base_2.90-2ubuntu0.1_amd64.deb ...
Unpacking dnsmasq-base (2.90-2ubuntu0.1) ...
Selecting previously unselected package python3-websocket.
Preparing to unpack .../06-python3-websocket_1.7.0-1_all.deb ...
Unpacking python3-websocket (1.7.0-1) ...
Selecting previously unselected package python3-docker.
Preparing to unpack .../07-python3-docker_5.0.3-1ubuntu1.1_all.deb ...
Unpacking python3-docker (5.0.3-1ubuntu1.1) ...
Selecting previously unselected package python3-dockerpty.
Preparing to unpack .../08-python3-dockerpty_0.4.1-5_all.deb ...
Unpacking python3-dockerpty (0.4.1-5) ...
Selecting previously unselected package python3-docopt.
Preparing to unpack .../09-python3-docopt_0.6.2-6_all.deb ...
Unpacking python3-docopt (0.6.2-6) ...
Selecting previously unselected package python3-dotenv.
Preparing to unpack .../10-python3-dotenv_1.0.1-1_all.deb ...
Unpacking python3-dotenv (1.0.1-1) ...
Selecting previously unselected package python3-texttable.
Preparing to unpack .../11-python3-texttable_1.6.7-1_all.deb ...
Unpacking python3-texttable (1.6.7-1) ...
Selecting previously unselected package python3-compose.
Preparing to unpack .../12-python3-compose_1.29.2-6ubuntu1_all.deb ...
Unpacking python3-compose (1.29.2-6ubuntu1) ...
Selecting previously unselected package docker-compose.
Preparing to unpack .../13-docker-compose_1.29.2-6ubuntu1_all.deb ...
Unpacking docker-compose (1.29.2-6ubuntu1) ...
Selecting previously unselected package docker.io.
Preparing to unpack .../14-docker.io_28.2.2-0ubuntu1~24.04.1_amd64.deb ...
Unpacking docker.io (28.2.2-0ubuntu1~24.04.1) ...
Selecting previously unselected package ubuntu-fan.
Preparing to unpack .../15-ubuntu-fan_0.12.16+24.04.1_all.deb ...
Unpacking ubuntu-fan (0.12.16+24.04.1) ...
Setting up python3-dotenv (1.0.1-1) ...
Setting up python3-texttable (1.6.7-1) ...
Setting up python3-docopt (0.6.2-6) ...
Setting up dnsmasq-base (2.90-2ubuntu0.1) ...
Setting up runc (1.3.0-0ubuntu2~24.04.1) ...
Setting up dns-root-data (2024071801~ubuntu0.24.04.1) ...
Setting up bridge-utils (1.7.1-1ubuntu2) ...
debconf: unable to initialize frontend: Dialog
debconf: (Dialog frontend will not work on a dumb terminal, an emacs shell buffer, or without a controlling terminal.)
debconf: falling back to frontend: Readline
debconf: unable to initialize frontend: Readline
debconf: (This frontend requires a controlling tty.)
debconf: falling back to frontend: Teletype
Setting up pigz (2.8-1) ...
Setting up containerd (1.7.28-0ubuntu1~24.04.1) ...
Created symlink /etc/systemd/system/multi-user.target.wants/containerd.service ‚Üí /usr/lib/systemd/system/containerd.service.
Setting up python3-websocket (1.7.0-1) ...
Setting up python3-dockerpty (0.4.1-5) ...
Setting up ubuntu-fan (0.12.16+24.04.1) ...
Created symlink /etc/systemd/system/multi-user.target.wants/ubuntu-fan.service ‚Üí /usr/lib/systemd/system/ubuntu-fan.service.
Setting up python3-docker (5.0.3-1ubuntu1.1) ...
Setting up docker.io (28.2.2-0ubuntu1~24.04.1) ...
debconf: unable to initialize frontend: Dialog
debconf: (Dialog frontend will not work on a dumb terminal, an emacs shell buffer, or without a controlling terminal.)
debconf: falling back to frontend: Readline
debconf: unable to initialize frontend: Readline
debconf: (This frontend requires a controlling tty.)
debconf: falling back to frontend: Teletype
info: Selecting GID from range 100 to 999 ...
info: Adding group `docker' (GID 113) ...
Created symlink /etc/systemd/system/multi-user.target.wants/docker.service ‚Üí /usr/lib/systemd/system/docker.service.
Created symlink /etc/systemd/system/sockets.target.wants/docker.socket ‚Üí /usr/lib/systemd/system/docker.socket.
Setting up python3-compose (1.29.2-6ubuntu1) ...
Setting up docker-compose (1.29.2-6ubuntu1) ...
Processing triggers for dbus (1.14.10-4ubuntu4.1) ...
Processing triggers for man-db (2.12.0-4build2) ...
debconf: unable to initialize frontend: Dialog
debconf: (Dialog frontend will not work on a dumb terminal, an emacs shell buffer, or without a controlling terminal.)
debconf: falling back to frontend: Readline
debconf: unable to initialize frontend: Readline
debconf: (This frontend requires a controlling tty.)
debconf: falling back to frontend: Teletype

Running kernel seems to be up-to-date.

No services need to be restarted.

No containers need to be restarted.

No user sessions are running outdated binaries.

No VM guests are running outdated hypervisor (qemu) binaries on this host.
Docker version 28.2.2, build 28.2.2-0ubuntu1~24.04.1
docker-compose version 1.29.2, build unknown
[SUCCESS] Dependencies installed successfully.
[INFO] Creating Nginx config for Docker...
Pseudo-terminal will not be allocated because stdin is not a terminal.
Welcome to Ubuntu 24.04.3 LTS (GNU/Linux 6.14.0-1011-aws x86_64)

 * Documentation:  https://help.ubuntu.com
 * Management:     https://landscape.canonical.com
 * Support:        https://ubuntu.com/pro

 System information as of Wed Oct 22 13:36:33 UTC 2025

  System load:  0.05              Processes:             112
  Usage of /:   25.6% of 6.71GB   Users logged in:       0
  Memory usage: 21%               IPv4 address for enX0: 172.31.31.67
  Swap usage:   0%


Expanded Security Maintenance for Applications is not enabled.

60 updates can be applied immediately.
29 of these updates are standard security updates.
To see these additional updates run: apt list --upgradable

1 additional security update can be applied with ESM Apps.
Learn more about enabling ESM Apps service at https://ubuntu.com/esm


[SUCCESS] Nginx config created.
[INFO] Creating docker-compose.yml...
Pseudo-terminal will not be allocated because stdin is not a terminal.
Welcome to Ubuntu 24.04.3 LTS (GNU/Linux 6.14.0-1011-aws x86_64)

 * Documentation:  https://help.ubuntu.com
 * Management:     https://landscape.canonical.com
 * Support:        https://ubuntu.com/pro

 System information as of Wed Oct 22 13:36:33 UTC 2025

  System load:  0.05              Processes:             112
  Usage of /:   25.6% of 6.71GB   Users logged in:       0
  Memory usage: 21%               IPv4 address for enX0: 172.31.31.67
  Swap usage:   0%


Expanded Security Maintenance for Applications is not enabled.

60 updates can be applied immediately.
29 of these updates are standard security updates.
To see these additional updates run: apt list --upgradable

1 additional security update can be applied with ESM Apps.
Learn more about enabling ESM Apps service at https://ubuntu.com/esm


[SUCCESS] Docker Compose file created.
[INFO] Deploying containers with Docker Compose...
Pseudo-terminal will not be allocated because stdin is not a terminal.
Welcome to Ubuntu 24.04.3 LTS (GNU/Linux 6.14.0-1011-aws x86_64)

 * Documentation:  https://help.ubuntu.com
 * Management:     https://landscape.canonical.com
 * Support:        https://ubuntu.com/pro

 System information as of Wed Oct 22 13:36:33 UTC 2025

  System load:  0.05              Processes:             112
  Usage of /:   25.6% of 6.71GB   Users logged in:       0
  Memory usage: 21%               IPv4 address for enX0: 172.31.31.67
  Swap usage:   0%


Expanded Security Maintenance for Applications is not enabled.

60 updates can be applied immediately.
29 of these updates are standard security updates.
To see these additional updates run: apt list --upgradable

1 additional security update can be applied with ESM Apps.
Learn more about enabling ESM Apps service at https://ubuntu.com/esm


Traceback (most recent call last):
  File "/usr/lib/python3/dist-packages/urllib3/connectionpool.py", line 791, in urlopen
    response = self._make_request(
               ^^^^^^^^^^^^^^^^^^^
  File "/usr/lib/python3/dist-packages/urllib3/connectionpool.py", line 497, in _make_request
    conn.request(
  File "/usr/lib/python3/dist-packages/urllib3/connection.py", line 395, in request
    self.endheaders()
  File "/usr/lib/python3.12/http/client.py", line 1331, in endheaders
    self._send_output(message_body, encode_chunked=encode_chunked)
  File "/usr/lib/python3.12/http/client.py", line 1091, in _send_output
    self.send(msg)
  File "/usr/lib/python3.12/http/client.py", line 1035, in send
    self.connect()
  File "/usr/lib/python3/dist-packages/docker/transport/unixconn.py", line 27, in connect
    sock.connect(self.unix_socket)
PermissionError: [Errno 13] Permission denied

During handling of the above exception, another exception occurred:

Traceback (most recent call last):
  File "/usr/lib/python3/dist-packages/requests/adapters.py", line 486, in send
    resp = conn.urlopen(
           ^^^^^^^^^^^^^
  File "/usr/lib/python3/dist-packages/urllib3/connectionpool.py", line 845, in urlopen
    retries = retries.increment(
              ^^^^^^^^^^^^^^^^^^
  File "/usr/lib/python3/dist-packages/urllib3/util/retry.py", line 472, in increment
    raise reraise(type(error), error, _stacktrace)
          ^^^^^^^^^^^^^^^^^^^^^^^^^^^^^^^^^^^^^^^^
  File "/usr/lib/python3/dist-packages/urllib3/util/util.py", line 38, in reraise
    raise value.with_traceback(tb)
  File "/usr/lib/python3/dist-packages/urllib3/connectionpool.py", line 791, in urlopen
    response = self._make_request(
               ^^^^^^^^^^^^^^^^^^^
  File "/usr/lib/python3/dist-packages/urllib3/connectionpool.py", line 497, in _make_request
    conn.request(
  File "/usr/lib/python3/dist-packages/urllib3/connection.py", line 395, in request
    self.endheaders()
  File "/usr/lib/python3.12/http/client.py", line 1331, in endheaders
    self._send_output(message_body, encode_chunked=encode_chunked)
  File "/usr/lib/python3.12/http/client.py", line 1091, in _send_output
    self.send(msg)
  File "/usr/lib/python3.12/http/client.py", line 1035, in send
    self.connect()
  File "/usr/lib/python3/dist-packages/docker/transport/unixconn.py", line 27, in connect
    sock.connect(self.unix_socket)
urllib3.exceptions.ProtocolError: ('Connection aborted.', PermissionError(13, 'Permission denied'))

During handling of the above exception, another exception occurred:

Traceback (most recent call last):
  File "/usr/lib/python3/dist-packages/docker/api/client.py", line 214, in _retrieve_server_version
    return self.version(api_version=False)["ApiVersion"]
           ^^^^^^^^^^^^^^^^^^^^^^^^^^^^^^^
  File "/usr/lib/python3/dist-packages/docker/api/daemon.py", line 181, in version
    return self._result(self._get(url), json=True)
                        ^^^^^^^^^^^^^^
  File "/usr/lib/python3/dist-packages/docker/utils/decorators.py", line 46, in inner
    return f(self, *args, **kwargs)
           ^^^^^^^^^^^^^^^^^^^^^^^^
  File "/usr/lib/python3/dist-packages/docker/api/client.py", line 237, in _get
    return self.get(url, **self._set_request_timeout(kwargs))
           ^^^^^^^^^^^^^^^^^^^^^^^^^^^^^^^^^^^^^^^^^^^^^^^^^^
  File "/usr/lib/python3/dist-packages/requests/sessions.py", line 602, in get
    return self.request("GET", url, **kwargs)
           ^^^^^^^^^^^^^^^^^^^^^^^^^^^^^^^^^^
  File "/usr/lib/python3/dist-packages/requests/sessions.py", line 589, in request
    resp = self.send(prep, **send_kwargs)
           ^^^^^^^^^^^^^^^^^^^^^^^^^^^^^^
  File "/usr/lib/python3/dist-packages/requests/sessions.py", line 703, in send
    r = adapter.send(request, **kwargs)
        ^^^^^^^^^^^^^^^^^^^^^^^^^^^^^^^
  File "/usr/lib/python3/dist-packages/requests/adapters.py", line 501, in send
    raise ConnectionError(err, request=request)
requests.exceptions.ConnectionError: ('Connection aborted.', PermissionError(13, 'Permission denied'))

During handling of the above exception, another exception occurred:

Traceback (most recent call last):
  File "/usr/bin/docker-compose", line 33, in <module>
    sys.exit(load_entry_point('docker-compose==1.29.2', 'console_scripts', 'docker-compose')())
             ^^^^^^^^^^^^^^^^^^^^^^^^^^^^^^^^^^^^^^^^^^^^^^^^^^^^^^^^^^^^^^^^^^^^^^^^^^^^^^^^^
  File "/usr/lib/python3/dist-packages/compose/cli/main.py", line 81, in main
    command_func()
  File "/usr/lib/python3/dist-packages/compose/cli/main.py", line 200, in perform_command
    project = project_from_options('.', options)
              ^^^^^^^^^^^^^^^^^^^^^^^^^^^^^^^^^^
  File "/usr/lib/python3/dist-packages/compose/cli/command.py", line 60, in project_from_options
    return get_project(
           ^^^^^^^^^^^^
  File "/usr/lib/python3/dist-packages/compose/cli/command.py", line 152, in get_project
    client = get_client(
             ^^^^^^^^^^^
  File "/usr/lib/python3/dist-packages/compose/cli/docker_client.py", line 41, in get_client
    client = docker_client(
             ^^^^^^^^^^^^^^
  File "/usr/lib/python3/dist-packages/compose/cli/docker_client.py", line 170, in docker_client
    client = APIClient(use_ssh_client=not use_paramiko_ssh, **kwargs)
             ^^^^^^^^^^^^^^^^^^^^^^^^^^^^^^^^^^^^^^^^^^^^^^^^^^^^^^^^
  File "/usr/lib/python3/dist-packages/docker/api/client.py", line 197, in __init__
    self._version = self._retrieve_server_version()
                    ^^^^^^^^^^^^^^^^^^^^^^^^^^^^^^^
  File "/usr/lib/python3/dist-packages/docker/api/client.py", line 221, in _retrieve_server_version
    raise DockerException(
docker.errors.DockerException: Error while fetching server API version: ('Connection aborted.', PermissionError(13, 'Permission denied'))
Traceback (most recent call last):
  File "/usr/lib/python3/dist-packages/urllib3/connectionpool.py", line 791, in urlopen
    response = self._make_request(
               ^^^^^^^^^^^^^^^^^^^
  File "/usr/lib/python3/dist-packages/urllib3/connectionpool.py", line 497, in _make_request
    conn.request(
  File "/usr/lib/python3/dist-packages/urllib3/connection.py", line 395, in request
    self.endheaders()
  File "/usr/lib/python3.12/http/client.py", line 1331, in endheaders
    self._send_output(message_body, encode_chunked=encode_chunked)
  File "/usr/lib/python3.12/http/client.py", line 1091, in _send_output
    self.send(msg)
  File "/usr/lib/python3.12/http/client.py", line 1035, in send
    self.connect()
  File "/usr/lib/python3/dist-packages/docker/transport/unixconn.py", line 27, in connect
    sock.connect(self.unix_socket)
PermissionError: [Errno 13] Permission denied

During handling of the above exception, another exception occurred:

Traceback (most recent call last):
  File "/usr/lib/python3/dist-packages/requests/adapters.py", line 486, in send
    resp = conn.urlopen(
           ^^^^^^^^^^^^^
  File "/usr/lib/python3/dist-packages/urllib3/connectionpool.py", line 845, in urlopen
    retries = retries.increment(
              ^^^^^^^^^^^^^^^^^^
  File "/usr/lib/python3/dist-packages/urllib3/util/retry.py", line 472, in increment
    raise reraise(type(error), error, _stacktrace)
          ^^^^^^^^^^^^^^^^^^^^^^^^^^^^^^^^^^^^^^^^
  File "/usr/lib/python3/dist-packages/urllib3/util/util.py", line 38, in reraise
    raise value.with_traceback(tb)
  File "/usr/lib/python3/dist-packages/urllib3/connectionpool.py", line 791, in urlopen
    response = self._make_request(
               ^^^^^^^^^^^^^^^^^^^
  File "/usr/lib/python3/dist-packages/urllib3/connectionpool.py", line 497, in _make_request
    conn.request(
  File "/usr/lib/python3/dist-packages/urllib3/connection.py", line 395, in request
    self.endheaders()
  File "/usr/lib/python3.12/http/client.py", line 1331, in endheaders
    self._send_output(message_body, encode_chunked=encode_chunked)
  File "/usr/lib/python3.12/http/client.py", line 1091, in _send_output
    self.send(msg)
  File "/usr/lib/python3.12/http/client.py", line 1035, in send
    self.connect()
  File "/usr/lib/python3/dist-packages/docker/transport/unixconn.py", line 27, in connect
    sock.connect(self.unix_socket)
urllib3.exceptions.ProtocolError: ('Connection aborted.', PermissionError(13, 'Permission denied'))

During handling of the above exception, another exception occurred:

Traceback (most recent call last):
  File "/usr/lib/python3/dist-packages/docker/api/client.py", line 214, in _retrieve_server_version
    return self.version(api_version=False)["ApiVersion"]
           ^^^^^^^^^^^^^^^^^^^^^^^^^^^^^^^
  File "/usr/lib/python3/dist-packages/docker/api/daemon.py", line 181, in version
    return self._result(self._get(url), json=True)
                        ^^^^^^^^^^^^^^
  File "/usr/lib/python3/dist-packages/docker/utils/decorators.py", line 46, in inner
    return f(self, *args, **kwargs)
           ^^^^^^^^^^^^^^^^^^^^^^^^
  File "/usr/lib/python3/dist-packages/docker/api/client.py", line 237, in _get
    return self.get(url, **self._set_request_timeout(kwargs))
           ^^^^^^^^^^^^^^^^^^^^^^^^^^^^^^^^^^^^^^^^^^^^^^^^^^
  File "/usr/lib/python3/dist-packages/requests/sessions.py", line 602, in get
    return self.request("GET", url, **kwargs)
           ^^^^^^^^^^^^^^^^^^^^^^^^^^^^^^^^^^
  File "/usr/lib/python3/dist-packages/requests/sessions.py", line 589, in request
    resp = self.send(prep, **send_kwargs)
           ^^^^^^^^^^^^^^^^^^^^^^^^^^^^^^
  File "/usr/lib/python3/dist-packages/requests/sessions.py", line 703, in send
    r = adapter.send(request, **kwargs)
        ^^^^^^^^^^^^^^^^^^^^^^^^^^^^^^^
  File "/usr/lib/python3/dist-packages/requests/adapters.py", line 501, in send
    raise ConnectionError(err, request=request)
requests.exceptions.ConnectionError: ('Connection aborted.', PermissionError(13, 'Permission denied'))

During handling of the above exception, another exception occurred:

Traceback (most recent call last):
  File "/usr/bin/docker-compose", line 33, in <module>
    sys.exit(load_entry_point('docker-compose==1.29.2', 'console_scripts', 'docker-compose')())
             ^^^^^^^^^^^^^^^^^^^^^^^^^^^^^^^^^^^^^^^^^^^^^^^^^^^^^^^^^^^^^^^^^^^^^^^^^^^^^^^^^
  File "/usr/lib/python3/dist-packages/compose/cli/main.py", line 81, in main
    command_func()
  File "/usr/lib/python3/dist-packages/compose/cli/main.py", line 200, in perform_command
    project = project_from_options('.', options)
              ^^^^^^^^^^^^^^^^^^^^^^^^^^^^^^^^^^
  File "/usr/lib/python3/dist-packages/compose/cli/command.py", line 60, in project_from_options
    return get_project(
           ^^^^^^^^^^^^
  File "/usr/lib/python3/dist-packages/compose/cli/command.py", line 152, in get_project
    client = get_client(
             ^^^^^^^^^^^
  File "/usr/lib/python3/dist-packages/compose/cli/docker_client.py", line 41, in get_client
    client = docker_client(
             ^^^^^^^^^^^^^^
  File "/usr/lib/python3/dist-packages/compose/cli/docker_client.py", line 170, in docker_client
    client = APIClient(use_ssh_client=not use_paramiko_ssh, **kwargs)
             ^^^^^^^^^^^^^^^^^^^^^^^^^^^^^^^^^^^^^^^^^^^^^^^^^^^^^^^^
  File "/usr/lib/python3/dist-packages/docker/api/client.py", line 197, in __init__
    self._version = self._retrieve_server_version()
                    ^^^^^^^^^^^^^^^^^^^^^^^^^^^^^^^
  File "/usr/lib/python3/dist-packages/docker/api/client.py", line 221, in _retrieve_server_version
    raise DockerException(
docker.errors.DockerException: Error while fetching server API version: ('Connection aborted.', PermissionError(13, 'Permission denied'))

[‚ùå ERROR] Something failed. Check logs/deploy_20251022_143519.log for details.

